<?xml version="1.0" encoding="UTF-8"?>
<!-- Generated by org.testng.reporters.JUnitReportReporter -->
<testsuite hostname="PE-HO-195" failures="0" tests="1" name="com.ReporteCSanciones.test.ReporteCSancionesTest" time="34.203" errors="0" timestamp="17 ene. 2022 21:40:11 GMT" skipped="0">
  <testcase classname="com.ReporteCSanciones.test.ReporteCSancionesTest" name="PortalFedepalma1" time="34.203"/>
</testsuite> <!-- com.ReporteCSanciones.test.ReporteCSancionesTest -->
