<?xml version="1.0" encoding="UTF-8"?>
<!-- Generated by org.testng.reporters.JUnitReportReporter -->
<testsuite hostname="PE-HO-195" failures="0" tests="1" name="com.SecretariaTecnica.test.DiasEnProcesoSTTest" time="58.377" errors="0" timestamp="17 ene. 2022 21:45:12 GMT" skipped="0">
  <testcase classname="com.SecretariaTecnica.test.DiasEnProcesoSTTest" name="DiasEnProcesoSTecnicaPortalFedepalma" time="58.377"/>
</testsuite> <!-- com.SecretariaTecnica.test.DiasEnProcesoSTTest -->
