<?xml version="1.0" encoding="UTF-8"?>
<!-- Generated by org.testng.reporters.JUnitReportReporter -->
<testsuite hostname="PE-HO-365" failures="0" tests="1" name="com.AdministracionSolicitudesNuevos.test.BloqueantesUITest" time="53.062" errors="0" timestamp="09 sep. 2021 20:40:46 GMT" skipped="0">
  <testcase classname="com.AdministracionSolicitudesNuevos.test.BloqueantesUITest" name="QuitarPermisoEmail" time="53.062"/>
</testsuite> <!-- com.AdministracionSolicitudesNuevos.test.BloqueantesUITest -->
