<?xml version="1.0" encoding="UTF-8"?>
<!-- Generated by org.testng.reporters.JUnitReportReporter -->
<testsuite hostname="PE-HO-111" failures="0" tests="1" name="com.Seguridad.test.CreacionSolicitudTest" time="91.618" errors="0" timestamp="26 jul. 2021 20:55:39 GMT" skipped="0">
  <testcase classname="com.Seguridad.test.CreacionSolicitudTest" name="ObservacioObligatorio" time="91.618"/>
</testsuite> <!-- com.Seguridad.test.CreacionSolicitudTest -->
