<?xml version="1.0" encoding="UTF-8"?>
<!-- Generated by org.testng.reporters.JUnitReportReporter -->
<testsuite hostname="PE-HO-365" failures="0" tests="1" name="com.Trazabilidad.test.TramitesTrazabilidadTest" time="113.018" errors="0" timestamp="22 sep. 2021 17:55:28 GMT" skipped="0">
  <testcase classname="com.Trazabilidad.test.TramitesTrazabilidadTest" name="EnTramiteTrazabilidadPortalFedepalma" time="113.018"/>
</testsuite> <!-- com.Trazabilidad.test.TramitesTrazabilidadTest -->
