<?xml version="1.0" encoding="UTF-8"?>
<!-- Generated by org.testng.reporters.JUnitReportReporter -->
<testsuite hostname="PE-HO-507" failures="0" tests="1" name="com.ConsultaDCD.test.CargaMasivaDCDTest" time="136.919" errors="0" timestamp="21 sept 2022 19:16:15 GMT" skipped="0">
  <testcase classname="com.ConsultaDCD.test.CargaMasivaDCDTest" name="CargarDCDPortalFedepalma" time="136.919"/>
</testsuite> <!-- com.ConsultaDCD.test.CargaMasivaDCDTest -->
