<?xml version="1.0" encoding="UTF-8"?>
<!-- Generated by org.testng.reporters.JUnitReportReporter -->
<testsuite hostname="PE-HO-274" failures="0" tests="1" name="com.FormularioFDC.test.CargaMasivaFDC2Test" time="119.726" errors="0" timestamp="26 sep. 2022 14:12:41 GMT" skipped="0">
  <testcase classname="com.FormularioFDC.test.CargaMasivaFDC2Test" name="CargaFMMPortalFedepalma" time="119.726"/>
</testsuite> <!-- com.FormularioFDC.test.CargaMasivaFDC2Test -->
