<?xml version="1.0" encoding="UTF-8"?>
<!-- Generated by org.testng.reporters.JUnitReportReporter -->
<testsuite hostname="PE-HO-365" failures="0" tests="1" name="com.RevicionesRYP.test.ExepcionRevicionRYPTest" time="85.234" errors="0" timestamp="30 sep. 2021 15:41:22 GMT" skipped="0">
  <testcase classname="com.RevicionesRYP.test.ExepcionRevicionRYPTest" name="ExepcionRevicionRYPPortalFedepalma" time="85.234"/>
</testsuite> <!-- com.RevicionesRYP.test.ExepcionRevicionRYPTest -->
