<?xml version="1.0" encoding="UTF-8"?>
<!-- Generated by org.testng.reporters.JUnitReportReporter -->
<testsuite hostname="PE-HO-195" failures="0" tests="1" name="com.ReporteCCertificado.test.ReporteCCertificadoTest" time="34.072" errors="0" timestamp="17 ene. 2022 21:39:05 GMT" skipped="0">
  <testcase classname="com.ReporteCCertificado.test.ReporteCCertificadoTest" name="PortalFedepalma1" time="34.072"/>
</testsuite> <!-- com.ReporteCCertificado.test.ReporteCCertificadoTest -->
