<?xml version="1.0" encoding="UTF-8"?>
<!-- Generated by org.testng.reporters.JUnitReportReporter -->
<testsuite hostname="PE-HO-365" failures="0" tests="1" name="com.RevicionesRYP.test.ValidacionesRYPTest" time="121.671" errors="0" timestamp="30 sep. 2021 16:06:50 GMT" skipped="0">
  <testcase classname="com.RevicionesRYP.test.ValidacionesRYPTest" name="ValidarRYPPortalFedepalma" time="121.671"/>
</testsuite> <!-- com.RevicionesRYP.test.ValidacionesRYPTest -->
