<?xml version="1.0" encoding="UTF-8"?>
<!-- Generated by org.testng.reporters.JUnitReportReporter -->
<testsuite hostname="PE-HO-365" failures="0" tests="1" name="com.SecretariaTecnica.test.ExepcionObservacionSTTest" time="49.689" errors="0" timestamp="30 sep. 2021 16:23:11 GMT" skipped="0">
  <testcase classname="com.SecretariaTecnica.test.ExepcionObservacionSTTest" name="RevicionSTecnicaPortalFedepalma" time="49.689"/>
</testsuite> <!-- com.SecretariaTecnica.test.ExepcionObservacionSTTest -->
