<?xml version="1.0" encoding="UTF-8"?>
<!-- Generated by org.testng.reporters.JUnitReportReporter -->
<testsuite hostname="PE-HO-274" failures="0" tests="1" name="com.ConsultaDCD.test.ExepcionCMDCDTest" time="90.329" errors="0" timestamp="20 sep. 2022 14:39:34 GMT" skipped="0">
  <testcase classname="com.ConsultaDCD.test.ExepcionCMDCDTest" name="CargarDCDPortalFedepalma" time="90.329"/>
</testsuite> <!-- com.ConsultaDCD.test.ExepcionCMDCDTest -->
