<?xml version="1.0" encoding="UTF-8"?>
<!-- Generated by org.testng.reporters.JUnitReportReporter -->
<testsuite hostname="PE-HO-365" failures="0" tests="1" name="com.Trazabilidad.test.ObservarTrazabilidadTest" time="50.398" errors="0" timestamp="22 sep. 2021 17:51:54 GMT" skipped="0">
  <testcase classname="com.Trazabilidad.test.ObservarTrazabilidadTest" name="ObservarTrazavilidadPortalFedepalma" time="50.398"/>
</testsuite> <!-- com.Trazabilidad.test.ObservarTrazabilidadTest -->
