<?xml version="1.0" encoding="UTF-8"?>
<!-- Generated by org.testng.reporters.JUnitReportReporter -->
<testsuite hostname="PE-HO-111" failures="0" tests="1" name="com.Seguridad.test.BloqueantesUETest" time="92.077" errors="0" timestamp="27 jul. 2021 16:02:18 GMT" skipped="0">
  <testcase classname="com.Seguridad.test.BloqueantesUETest" name="QuitarPermisoEmail" time="92.077"/>
</testsuite> <!-- com.Seguridad.test.BloqueantesUETest -->
