<?xml version="1.0" encoding="UTF-8"?>
<!-- Generated by org.testng.reporters.JUnitReportReporter -->
<testsuite hostname="PE-HO-274" failures="0" tests="1" name="com.FormularioFSC.test.ExepcionFSCTest" time="113.224" errors="0" timestamp="26 sep. 2022 19:33:42 GMT" skipped="0">
  <testcase classname="com.FormularioFSC.test.ExepcionFSCTest" name="EConsultaDMI" time="113.224"/>
</testsuite> <!-- com.FormularioFSC.test.ExepcionFSCTest -->
