<?xml version="1.0" encoding="UTF-8"?>
<!-- Generated by org.testng.reporters.JUnitReportReporter -->
<testsuite hostname="PE-HO-365" failures="0" tests="1" name="com.RevicionesRYP.test.FiltrosRYPTest" time="84.337" errors="0" timestamp="30 sep. 2021 15:45:27 GMT" skipped="0">
  <testcase classname="com.RevicionesRYP.test.FiltrosRYPTest" name="FiltrosRYPPortalFedepalma" time="84.337"/>
</testsuite> <!-- com.RevicionesRYP.test.FiltrosRYPTest -->
