<?xml version="1.0" encoding="UTF-8"?>
<!-- Generated by org.testng.reporters.JUnitReportReporter -->
<testsuite hostname="PE-HO-365" failures="0" tests="1" name="com.SecretariaTecnica.test.ExepcionRevicionSTTest" time="45.021" errors="0" timestamp="30 sep. 2021 16:28:00 GMT" skipped="0">
  <testcase classname="com.SecretariaTecnica.test.ExepcionRevicionSTTest" name="RevicionSTecnicaPortalFedepalma" time="45.021"/>
</testsuite> <!-- com.SecretariaTecnica.test.ExepcionRevicionSTTest -->
