<?xml version="1.0" encoding="UTF-8"?>
<!-- Generated by org.testng.reporters.JUnitReportReporter -->
<testsuite hostname="PE-HO-274" failures="0" tests="1" name="com.Trazabilidad.test.TrazabilidadTest" time="51.510" errors="1" timestamp="20 sep. 2022 20:14:24 GMT" skipped="0">
  <testcase classname="com.Trazabilidad.test.TrazabilidadTest" name="TrazabilidadPortalFedepalma" time="51.510">
    <error message="Unresolved compilation problems: 
	Utilidades cannot be resolved
	Utilidades cannot be resolved
	The method click(By, File, String) in the type BasePage is not applicable for the arguments (By)
	Utilidades cannot be resolved
	Utilidades cannot be resolved
	The method click(By, File, String) in the type BasePage is not applicable for the arguments (By)
	Utilidades cannot be resolved
	The method click(By, File, String) in the type BasePage is not applicable for the arguments (By)
	Utilidades cannot be resolved
	The method click(By, File, String) in the type BasePage is not applicable for the arguments (By)
	Utilidades cannot be resolved
	The method click(By, File, String) in the type BasePage is not applicable for the arguments (By)
	Utilidades cannot be resolved
	The method click(By, File, String) in the type BasePage is not applicable for the arguments (By)
	Utilidades cannot be resolved
	Utilidades cannot be resolved
	The method click(By, File, String) in the type BasePage is not applicable for the arguments (By)
	Utilidades cannot be resolved
	Utilidades cannot be resolved
" type="java.lang.Error">
      <![CDATA[java.lang.Error: Unresolved compilation problems: 
Utilidades cannot be resolved
Utilidades cannot be resolved
The method click(By, File, String) in the type BasePage is not applicable for the arguments (By)
Utilidades cannot be resolved
Utilidades cannot be resolved
The method click(By, File, String) in the type BasePage is not applicable for the arguments (By)
Utilidades cannot be resolved
The method click(By, File, String) in the type BasePage is not applicable for the arguments (By)
Utilidades cannot be resolved
The method click(By, File, String) in the type BasePage is not applicable for the arguments (By)
Utilidades cannot be resolved
The method click(By, File, String) in the type BasePage is not applicable for the arguments (By)
Utilidades cannot be resolved
The method click(By, File, String) in the type BasePage is not applicable for the arguments (By)
Utilidades cannot be resolved
Utilidades cannot be resolved
The method click(By, File, String) in the type BasePage is not applicable for the arguments (By)
Utilidades cannot be resolved
Utilidades cannot be resolved

at PagObject_Trazabilidad.TrazabilidadPage.Trazabilidad(TrazabilidadPage.java:35)
at com.Trazabilidad.test.TrazabilidadTest.TrazabilidadPortalFedepalma(TrazabilidadTest.java:61)
at java.base/jdk.internal.reflect.DirectMethodHandleAccessor.invoke(DirectMethodHandleAccessor.java:104)
at java.base/java.lang.reflect.Method.invoke(Method.java:577)
at org.testng.internal.MethodInvocationHelper.invokeMethod(MethodInvocationHelper.java:124)
at org.testng.internal.Invoker.invokeMethod(Invoker.java:583)
at org.testng.internal.Invoker.invokeTestMethod(Invoker.java:719)
at org.testng.internal.Invoker.invokeTestMethods(Invoker.java:989)
at org.testng.internal.TestMethodWorker.invokeTestMethods(TestMethodWorker.java:125)
at org.testng.internal.TestMethodWorker.run(TestMethodWorker.java:109)
at org.testng.TestRunner.privateRun(TestRunner.java:648)
at org.testng.TestRunner.run(TestRunner.java:505)
at org.testng.SuiteRunner.runTest(SuiteRunner.java:455)
at org.testng.SuiteRunner.runSequentially(SuiteRunner.java:450)
at org.testng.SuiteRunner.privateRun(SuiteRunner.java:415)
at org.testng.SuiteRunner.run(SuiteRunner.java:364)
at org.testng.SuiteRunnerWorker.runSuite(SuiteRunnerWorker.java:52)
at org.testng.SuiteRunnerWorker.run(SuiteRunnerWorker.java:84)
at org.testng.TestNG.runSuitesSequentially(TestNG.java:1208)
at org.testng.TestNG.runSuitesLocally(TestNG.java:1137)
at org.testng.TestNG.runSuites(TestNG.java:1049)
at org.testng.TestNG.run(TestNG.java:1017)
at org.testng.remote.AbstractRemoteTestNG.run(AbstractRemoteTestNG.java:115)
at org.testng.remote.RemoteTestNG.initAndRun(RemoteTestNG.java:251)
at org.testng.remote.RemoteTestNG.main(RemoteTestNG.java:77)
]]>
    </error>
  </testcase> <!-- TrazabilidadPortalFedepalma -->
</testsuite> <!-- com.Trazabilidad.test.TrazabilidadTest -->
