<?xml version="1.0" encoding="UTF-8"?>
<!-- Generated by org.testng.reporters.JUnitReportReporter -->
<testsuite hostname="PE-HO-365" failures="0" tests="1" name="com.RevicionesRYP.test.ObservarRevicionesTest" time="112.984" errors="0" timestamp="30 sep. 2021 15:48:18 GMT" skipped="0">
  <testcase classname="com.RevicionesRYP.test.ObservarRevicionesTest" name="VerRevicionRYPPortalFedepalma" time="112.984"/>
</testsuite> <!-- com.RevicionesRYP.test.ObservarRevicionesTest -->
