<?xml version="1.0" encoding="UTF-8"?>
<!-- Generated by org.testng.reporters.JUnitReportReporter -->
<testsuite hostname="PE-HO-111" failures="0" tests="1" name="com.demoautomatizacion.test.CrearDCDTest" time="152.124" errors="0" timestamp="03 mar. 2021 17:11:52 GMT" skipped="0">
  <testcase classname="com.demoautomatizacion.test.CrearDCDTest" name="CrearDCDPortalFedepalma" time="152.124"/>
</testsuite> <!-- com.demoautomatizacion.test.CrearDCDTest -->
