<?xml version="1.0" encoding="UTF-8"?>
<!-- Generated by org.testng.reporters.JUnitReportReporter -->
<testsuite hostname="PE-HO-274" failures="0" tests="1" name="com.AdministracionSolicitudesNuevos.test.BloqueantesUETest" time="133.305" errors="0" timestamp="19 sep. 2022 14:38:45 GMT" skipped="0">
  <testcase classname="com.AdministracionSolicitudesNuevos.test.BloqueantesUETest" name="QuitarPermisoEmailUE" time="133.305"/>
</testsuite> <!-- com.AdministracionSolicitudesNuevos.test.BloqueantesUETest -->
