<?xml version="1.0" encoding="UTF-8"?>
<!-- Generated by org.testng.reporters.JUnitReportReporter -->
<testsuite hostname="PE-HO-365" failures="0" tests="1" name="com.RevicionesRYP.test.RevicionesRYPTest" time="126.860" errors="0" timestamp="01 oct. 2021 13:21:48 GMT" skipped="0">
  <testcase classname="com.RevicionesRYP.test.RevicionesRYPTest" name="RevicionRYPPortalFedepalma" time="126.860"/>
</testsuite> <!-- com.RevicionesRYP.test.RevicionesRYPTest -->
