<?xml version="1.0" encoding="UTF-8"?>
<!-- Generated by org.testng.reporters.JUnitReportReporter -->
<testsuite hostname="PE-HO-365" failures="0" tests="1" name="com.RevicionesRYP.test.ExepcionObservacionRYPTest" time="68.895" errors="0" timestamp="30 sep. 2021 15:39:34 GMT" skipped="0">
  <testcase classname="com.RevicionesRYP.test.ExepcionObservacionRYPTest" name="RevicionSTecnicaPortalFedepalma" time="68.895"/>
</testsuite> <!-- com.RevicionesRYP.test.ExepcionObservacionRYPTest -->
