<?xml version="1.0" encoding="UTF-8"?>
<!-- Generated by org.testng.reporters.JUnitReportReporter -->
<testsuite hostname="PE-HO-111" failures="0" tests="1" name="com.FormularioFDC.test.CargaMasivaFMMTest" time="95.970" errors="0" timestamp="05 abr. 2021 17:42:03 GMT" skipped="0">
  <testcase classname="com.FormularioFDC.test.CargaMasivaFMMTest" name="CargarDCDPortalFedepalma" time="95.970"/>
</testsuite> <!-- com.FormularioFDC.test.CargaMasivaFMMTest -->
