<?xml version="1.0" encoding="UTF-8"?>
<!-- Generated by org.testng.reporters.JUnitReportReporter -->
<testsuite hostname="PE-HO-111" failures="0" tests="1" name="com.demoautomatizacion.test.Consulta_DCDTest" time="90.662" errors="0" timestamp="03 mar. 2021 16:43:34 GMT" skipped="0">
  <testcase classname="com.demoautomatizacion.test.Consulta_DCDTest" name="ConsultarDCDPortalFedepalma" time="90.662"/>
</testsuite> <!-- com.demoautomatizacion.test.Consulta_DCDTest -->
