<?xml version="1.0" encoding="UTF-8"?>
<!-- Generated by org.testng.reporters.JUnitReportReporter -->
<testsuite hostname="PE-HO-195" failures="0" tests="1" name="com.ConsultaDCD.test.ExepcionRevisarDCDTest" time="42.034" errors="0" timestamp="17 ene. 2022 20:47:09 GMT" skipped="0">
  <testcase classname="com.ConsultaDCD.test.ExepcionRevisarDCDTest" name="ExepcionesRevisarDCDPortalFedepalma" time="42.034"/>
</testsuite> <!-- com.ConsultaDCD.test.ExepcionRevisarDCDTest -->
