<?xml version="1.0" encoding="UTF-8"?>
<!-- Generated by org.testng.reporters.JUnitReportReporter -->
<testsuite hostname="PE-HO-274" failures="0" tests="1" name="com.FormularioFDC.test.ObservarFDCTest" time="136.096" errors="0" timestamp="26 sep. 2022 15:43:49 GMT" skipped="0">
  <testcase classname="com.FormularioFDC.test.ObservarFDCTest" name="ObservarFDCPortalFedepalma" time="136.096"/>
</testsuite> <!-- com.FormularioFDC.test.ObservarFDCTest -->
