<?xml version="1.0" encoding="UTF-8"?>
<!-- Generated by org.testng.reporters.JUnitReportReporter -->
<testsuite hostname="PE-HO-274" failures="0" tests="1" name="com.FormularioFDC.test.HistorialFDCTest" time="172.869" errors="0" timestamp="26 sep. 2022 15:40:37 GMT" skipped="0">
  <testcase classname="com.FormularioFDC.test.HistorialFDCTest" name="HistorialFDCPortalFedepalma" time="172.869"/>
</testsuite> <!-- com.FormularioFDC.test.HistorialFDCTest -->
