<?xml version="1.0" encoding="UTF-8"?>
<!-- Generated by org.testng.reporters.JUnitReportReporter -->
<testsuite hostname="PE-HO-365" failures="0" tests="1" name="com.SecretariaTecnica.test.FiltrosSTTest" time="66.499" errors="0" timestamp="30 sep. 2021 17:57:22 GMT" skipped="0">
  <testcase classname="com.SecretariaTecnica.test.FiltrosSTTest" name="FiltrosSTPortalFedepalma" time="66.499"/>
</testsuite> <!-- com.SecretariaTecnica.test.FiltrosSTTest -->
