<?xml version="1.0" encoding="UTF-8"?>
<!-- Generated by org.testng.reporters.JUnitReportReporter -->
<testsuite hostname="PE-HO-013" failures="0" tests="1" name="com.AdministracionSolicitudesNuevos.test.BloqueantesUETest" time="138.639" errors="0" timestamp="10 nov. 2022 16:43:17 GMT" skipped="0">
  <testcase classname="com.AdministracionSolicitudesNuevos.test.BloqueantesUETest" name="QuitarPermisoEmailUE" time="138.639"/>
</testsuite> <!-- com.AdministracionSolicitudesNuevos.test.BloqueantesUETest -->
