<?xml version="1.0" encoding="UTF-8"?>
<!-- Generated by org.testng.reporters.JUnitReportReporter -->
<testsuite hostname="PE-HO-274" failures="0" tests="1" name="com.AdministracionFiniquitos.test.CrearTest" time="90.165" errors="0" timestamp="09 nov. 2022 15:02:29 GMT" skipped="0">
  <testcase classname="com.AdministracionFiniquitos.test.CrearTest" name="ConsultarFCPPortalFedepalma" time="90.165"/>
</testsuite> <!-- com.AdministracionFiniquitos.test.CrearTest -->
