<?xml version="1.0" encoding="UTF-8"?>
<!-- Generated by org.testng.reporters.JUnitReportReporter -->
<testsuite hostname="PE-HO-274" failures="0" tests="1" name="com.demoautomatizacion.test.LoginTest" time="37.150" errors="0" timestamp="26 sep. 2022 15:50:45 GMT" skipped="0">
  <testcase classname="com.demoautomatizacion.test.LoginTest" name="ingresarPortalFedepalma" time="37.150"/>
</testsuite> <!-- com.demoautomatizacion.test.LoginTest -->
