<?xml version="1.0" encoding="UTF-8"?>
<!-- Generated by org.testng.reporters.JUnitReportReporter -->
<testsuite hostname="PE-HO-274" failures="0" tests="1" name="com.FormularioFDC.test.BorrarFDCTest" time="147.018" errors="0" timestamp="26 sep. 2022 14:05:22 GMT" skipped="0">
  <testcase classname="com.FormularioFDC.test.BorrarFDCTest" name="CargarDCDPortalFedepalma" time="147.018"/>
</testsuite> <!-- com.FormularioFDC.test.BorrarFDCTest -->
