<?xml version="1.0" encoding="UTF-8"?>
<!-- Generated by org.testng.reporters.JUnitReportReporter -->
<testsuite hostname="PE-HO-195" failures="0" tests="1" name="com.RevicionesRYP.test.DiasEnProcesoRYPTest" time="120.437" errors="0" timestamp="17 ene. 2022 21:42:28 GMT" skipped="0">
  <testcase classname="com.RevicionesRYP.test.DiasEnProcesoRYPTest" name="ValidarFiltroDiasPPortalFedepalma" time="120.437"/>
</testsuite> <!-- com.RevicionesRYP.test.DiasEnProcesoRYPTest -->
