<?xml version="1.0" encoding="UTF-8"?>
<!-- Generated by org.testng.reporters.JUnitReportReporter -->
<testsuite hostname="PE-HO-365" failures="0" tests="1" name="com.Trazabilidad.test.FiltrosTrazabilidadTest" time="83.207" errors="0" timestamp="22 sep. 2021 17:49:32 GMT" skipped="0">
  <testcase classname="com.Trazabilidad.test.FiltrosTrazabilidadTest" name="FiltrosTrazabilidadPortalFedepalma" time="83.207"/>
</testsuite> <!-- com.Trazabilidad.test.FiltrosTrazabilidadTest -->
