<?xml version="1.0" encoding="UTF-8"?>
<!-- Generated by org.testng.reporters.JUnitReportReporter -->
<testsuite hostname="PE-HO-365" failures="0" tests="1" name="com.Trazabilidad.test.ExepcionTrazabilidadTest" time="55.050" errors="0" timestamp="22 sep. 2021 17:45:27 GMT" skipped="0">
  <testcase classname="com.Trazabilidad.test.ExepcionTrazabilidadTest" name="ExepcionTrazabilidadPortalFedepalma" time="55.050"/>
</testsuite> <!-- com.Trazabilidad.test.ExepcionTrazabilidadTest -->
