<?xml version="1.0" encoding="UTF-8"?>
<!-- Generated by org.testng.reporters.JUnitReportReporter -->
<testsuite hostname="PE-HO-111" failures="0" tests="1" name="com.Seguridad.test.BloqueantesTest" time="130.434" errors="0" timestamp="27 jul. 2021 14:33:24 GMT" skipped="0">
  <testcase classname="com.Seguridad.test.BloqueantesTest" name="VisualizarContenedor" time="130.434"/>
</testsuite> <!-- com.Seguridad.test.BloqueantesTest -->
