<?xml version="1.0" encoding="UTF-8"?>
<!-- Generated by org.testng.reporters.JUnitReportReporter -->
<testsuite hostname="PE-HO-195" failures="0" tests="1" name="com.ConsultaDCD.test.ExepcionesCrearDCDTest" time="55.819" errors="0" timestamp="17 ene. 2022 20:44:58 GMT" skipped="0">
  <testcase classname="com.ConsultaDCD.test.ExepcionesCrearDCDTest" name="ExepcionesCrearDCDPortalFedepalma" time="55.819"/>
</testsuite> <!-- com.ConsultaDCD.test.ExepcionesCrearDCDTest -->
