<?xml version="1.0" encoding="UTF-8"?>
<!-- Generated by org.testng.reporters.JUnitReportReporter -->
<testsuite hostname="PE-HO-111" failures="0" tests="1" name="com.FormularioFDC.test.CargaMasivaDEXTest" time="99.618" errors="0" timestamp="05 abr. 2021 17:30:40 GMT" skipped="0">
  <testcase classname="com.FormularioFDC.test.CargaMasivaDEXTest" name="CargarDCDPortalFedepalma" time="99.618"/>
</testsuite> <!-- com.FormularioFDC.test.CargaMasivaDEXTest -->
