<?xml version="1.0" encoding="UTF-8"?>
<!-- Generated by org.testng.reporters.JUnitReportReporter -->
<testsuite hostname="PE-HO-274" failures="0" tests="1" name="com.FormularioFDC.test.EditarFDCTest" time="166.810" errors="0" timestamp="26 sep. 2022 15:16:18 GMT" skipped="0">
  <testcase classname="com.FormularioFDC.test.EditarFDCTest" name="CargarDCDPortalFedepalmaEditar" time="166.810"/>
</testsuite> <!-- com.FormularioFDC.test.EditarFDCTest -->
