<?xml version="1.0" encoding="UTF-8"?>
<!-- Generated by org.testng.reporters.JUnitReportReporter -->
<testsuite hostname="PE-HO-365" failures="0" tests="1" name="com.SecretariaTecnica.test.ObservarSTTest" time="82.506" errors="0" timestamp="30 sep. 2021 18:14:51 GMT" skipped="0">
  <testcase classname="com.SecretariaTecnica.test.ObservarSTTest" name="ObservarSTecnicaPortalFedepalma" time="82.506"/>
</testsuite> <!-- com.SecretariaTecnica.test.ObservarSTTest -->
