<?xml version="1.0" encoding="UTF-8"?>
<!-- Generated by org.testng.reporters.JUnitReportReporter -->
<testsuite hostname="PE-HO-111" failures="0" tests="1" name="com.SecretariaTecnica.test.ObservarSTecnicaTest" time="99.931" errors="0" timestamp="08 abr. 2021 20:11:02 GMT" skipped="0">
  <testcase classname="com.SecretariaTecnica.test.ObservarSTecnicaTest" name="ObservarSTecnicaPortalFedepalma" time="99.931"/>
</testsuite> <!-- com.SecretariaTecnica.test.ObservarSTecnicaTest -->
