<?xml version="1.0" encoding="UTF-8"?>
<!-- Generated by org.testng.reporters.JUnitReportReporter -->
<testsuite hostname="PE-HO-274" failures="0" tests="1" name="com.FormularioFSC.test.FormularioFSCTest" time="85.241" errors="0" timestamp="27 sep. 2022 14:56:04 GMT" skipped="0">
  <testcase classname="com.FormularioFSC.test.FormularioFSCTest" name="EliminarFSC" time="85.241"/>
</testsuite> <!-- com.FormularioFSC.test.FormularioFSCTest -->
