<?xml version="1.0" encoding="UTF-8"?>
<!-- Generated by org.testng.reporters.JUnitReportReporter -->
<testsuite hostname="PE-HO-111" failures="0" tests="1" name="com.FormularioFDC.test.CargaMasivaFDCTest$CargaMasivaFMMTest" time="54.653" errors="0" timestamp="02 ago. 2021 15:06:16 GMT" skipped="0">
  <testcase classname="com.FormularioFDC.test.CargaMasivaFDCTest$CargaMasivaFMMTest" name="CargaFMMPortalFedepalma" time="54.653"/>
</testsuite> <!-- com.FormularioFDC.test.CargaMasivaFDCTest$CargaMasivaFMMTest -->
