<?xml version="1.0" encoding="UTF-8"?>
<!-- Generated by org.testng.reporters.JUnitReportReporter -->
<testsuite hostname="PE-HO-195" failures="0" tests="1" name="com.ConsultaDCD.test.ExepcionGenerarDCDTest" time="41.284" errors="0" timestamp="17 ene. 2022 20:46:15 GMT" skipped="0">
  <testcase classname="com.ConsultaDCD.test.ExepcionGenerarDCDTest" name="ExepcionesGenerarDCDPortalFedepalma" time="41.284"/>
</testsuite> <!-- com.ConsultaDCD.test.ExepcionGenerarDCDTest -->
