<?xml version="1.0" encoding="UTF-8"?>
<!-- Generated by org.testng.reporters.JUnitReportReporter -->
<testsuite hostname="PE-HO-013" failures="0" tests="1" name="com.AdministracionSolicitudesNuevos.test.CreacionSolicitudTest" time="92.233" errors="0" timestamp="03 nov. 2022 17:24:36 GMT" skipped="0">
  <testcase classname="com.AdministracionSolicitudesNuevos.test.CreacionSolicitudTest" name="CancelarCreacion" time="92.233"/>
</testsuite> <!-- com.AdministracionSolicitudesNuevos.test.CreacionSolicitudTest -->
