<?xml version="1.0" encoding="UTF-8"?>
<!-- Generated by org.testng.reporters.JUnitReportReporter -->
<testsuite hostname="PE-HO-195" failures="0" tests="1" name="com.ReporteCCuotas.test.ReporteCCuotasTest" time="51.917" errors="0" timestamp="17 ene. 2022 21:32:26 GMT" skipped="0">
  <testcase classname="com.ReporteCCuotas.test.ReporteCCuotasTest" name="PortalFedepalma1" time="51.917"/>
</testsuite> <!-- com.ReporteCCuotas.test.ReporteCCuotasTest -->
