<?xml version="1.0" encoding="UTF-8"?>
<!-- Generated by org.testng.reporters.JUnitReportReporter -->
<testsuite hostname="PE-HO-309" failures="0" tests="1" name="com.demoautomatizacion.test.HomeTest" time="24.651" errors="0" timestamp="26 ene. 2021 22:33:27 GMT" skipped="0">
  <testcase classname="com.demoautomatizacion.test.HomeTest" name="ingresarPortalAlmaviva" time="24.651"/>
</testsuite> <!-- com.demoautomatizacion.test.HomeTest -->
