<?xml version="1.0" encoding="UTF-8"?>
<!-- Generated by org.testng.reporters.JUnitReportReporter -->
<testsuite hostname="PE-HO-274" failures="0" tests="1" name="com.FormularioFDC.test.ExepcionesRevisarFDCTest" time="156.310" errors="0" timestamp="26 sep. 2022 15:33:02 GMT" skipped="0">
  <testcase classname="com.FormularioFDC.test.ExepcionesRevisarFDCTest" name="RevisarDCDPortalFedepalma" time="156.310"/>
</testsuite> <!-- com.FormularioFDC.test.ExepcionesRevisarFDCTest -->
