<?xml version="1.0" encoding="UTF-8"?>
<!-- Generated by org.testng.reporters.JUnitReportReporter -->
<testsuite hostname="PE-HO-195" failures="0" tests="1" name="com.ConsultaDCD.test.ExepcionConsultarDCDTest" time="46.608" errors="0" timestamp="17 ene. 2022 20:16:09 GMT" skipped="0">
  <testcase classname="com.ConsultaDCD.test.ExepcionConsultarDCDTest" name="ExepcionesConsultarDCDPortalFedepalma" time="46.608"/>
</testsuite> <!-- com.ConsultaDCD.test.ExepcionConsultarDCDTest -->
