<?xml version="1.0" encoding="UTF-8"?>
<!-- Generated by org.testng.reporters.JUnitReportReporter -->
<testsuite hostname="PE-HO-274" failures="0" tests="1" name="com.FormularioFDC.test.ExepcionCrearFDCTest" time="98.133" errors="0" timestamp="26 sep. 2022 15:20:23 GMT" skipped="0">
  <testcase classname="com.FormularioFDC.test.ExepcionCrearFDCTest" name="ExepcionCrearFDCPortalFedepalma" time="98.133"/>
</testsuite> <!-- com.FormularioFDC.test.ExepcionCrearFDCTest -->
