<?xml version="1.0" encoding="UTF-8"?>
<!-- Generated by org.testng.reporters.JUnitReportReporter -->
<testsuite hostname="PE-HO-013" failures="0" tests="1" name="com.Trazabilidad.test.AprobadasTrazabilidadTest" time="143.539" errors="0" timestamp="10 nov. 2022 16:35:45 GMT" skipped="0">
  <testcase classname="com.Trazabilidad.test.AprobadasTrazabilidadTest" name="AprobadasTrazabilidadPortalFedepalma" time="143.539"/>
</testsuite> <!-- com.Trazabilidad.test.AprobadasTrazabilidadTest -->
