<?xml version="1.0" encoding="UTF-8"?>
<!-- Generated by org.testng.reporters.JUnitReportReporter -->
<testsuite hostname="PE-HO-274" failures="0" tests="1" name="com.demoautomatizacion.test.Login_Test" time="46.013" errors="0" timestamp="26 sep. 2022 15:49:13 GMT" skipped="0">
  <testcase classname="com.demoautomatizacion.test.Login_Test" name="ingresarPortalFedepalma" time="46.013"/>
</testsuite> <!-- com.demoautomatizacion.test.Login_Test -->
