<?xml version="1.0" encoding="UTF-8"?>
<!-- Generated by org.testng.reporters.JUnitReportReporter -->
<testsuite hostname="PE-HO-195" failures="0" tests="1" name="com.Trazabilidad.test.AprobadasTrazabilidadTest" time="69.161" errors="0" timestamp="17 ene. 2022 21:48:06 GMT" skipped="0">
  <testcase classname="com.Trazabilidad.test.AprobadasTrazabilidadTest" name="AprobadasTrazabilidadPortalFedepalma" time="69.161"/>
</testsuite> <!-- com.Trazabilidad.test.AprobadasTrazabilidadTest -->
